#
# There is insufficient memory for the Java Runtime Environment to continue.
# Native memory allocation (malloc) failed to allocate 1931536 bytes for Chunk::new
# Possible reasons:
#   The system is out of physical RAM or swap space
#   The process is running with CompressedOops enabled, and the Java Heap may be blocking the growth of the native heap
# Possible solutions:
#   Reduce memory load on the system
#   Increase physical memory or swap space
#   Check if swap backing store is full
#   Decrease Java heap size (-Xmx/-Xms)
#   Decrease number of Java threads
#   Decrease Java thread stack sizes (-Xss)
#   Set larger code cache with -XX:ReservedCodeCacheSize=
#   JVM is running with Unscaled Compressed Oops mode in which the Java heap is
#     placed in the first 4GB address space. The Java Heap base address is the
#     maximum limit for the native heap growth. Please use -XX:HeapBaseMinAddress
#     to set the Java Heap base and to place the Java Heap above 4GB virtual address.
# This output file may be truncated or incomplete.
#
#  Out of Memory Error (./src/hotspot/share/memory/arena.cpp:197), pid=12316, tid=13024
#
# JRE version: OpenJDK Runtime Environment JBR-11.0.11.9-1341.57-dcevm (11.0.11+9) (build 11.0.11+9-b1341.57)
# Java VM: Dynamic Code Evolution 64-Bit Server VM JBR-11.0.11.9-1341.57-dcevm (11.0.11+9-b1341.57, mixed mode, tiered, compressed oops, g1 gc, windows-amd64)
# No core dump will be written. Minidumps are not enabled by default on client versions of Windows
#

---------------  S U M M A R Y ------------

Command Line: -javaagent:C:\Program Files\JetBrains\IntelliJ IDEA Community Edition 2021.1.1\lib\idea_rt.jar=49262:C:\Program Files\JetBrains\IntelliJ IDEA Community Edition 2021.1.1\bin -Dfile.encoding=UTF-8 one.digitalinnovation.personapi.PersonapiApplication

Host: Intel(R) Core(TM) i5-7200U CPU @ 2.50GHz, 4 cores, 7G,  Windows 10 , 64 bit Build 19041 (10.0.19041.1023)
Time: Sun Jun 27 15:29:50 2021 Hora oficial do Brasil elapsed time: 17.341560 seconds (0d 0h 0m 17s)

---------------  T H R E A D  ---------------

Current thread (0x00000293e131f800):  JavaThread "C2 CompilerThread0" daemon [_thread_in_native, id=13024, stack(0x00000099ad200000,0x00000099ad300000)]


Current CompileTask:
C2:  17341 4474       4       org.springframework.core.annotation.TypeMappedAnnotations$MergedAnnotationFinder::doWithAnnotations (75 bytes)

Stack: [0x00000099ad200000,0x00000099ad300000]
Native frames: (J=compiled Java code, j=interpreted, Vv=VM code, C=native code)
V  [jvm.dll+0x5fdd0a]
V  [jvm.dll+0x7822a5]
V  [jvm.dll+0x7838bd]
V  [jvm.dll+0x783f73]
V  [jvm.dll+0x245ed8]
V  [jvm.dll+0xbd6ec]
V  [jvm.dll+0xbdbec]
V  [jvm.dll+0x35857b]
V  [jvm.dll+0x325c43]
V  [jvm.dll+0x32513a]
V  [jvm.dll+0x1fe9c2]
V  [jvm.dll+0x1fdbb4]
V  [jvm.dll+0x1868cc]
V  [jvm.dll+0x20c3c7]
V  [jvm.dll+0x20ac11]
V  [jvm.dll+0x74a15f]
V  [jvm.dll+0x742c25]
V  [jvm.dll+0x5fcbf6]
C  [ucrtbase.dll+0x21bb2]
C  [KERNEL32.DLL+0x17034]
C  [ntdll.dll+0x52651]


---------------  P R O C E S S  ---------------

Threads class SMR info:
_java_thread_list=0x00000293e3b6e8b0, length=19, elements={
0x00000293c76bd800, 0x00000293e1302000, 0x00000293e1303000, 0x00000293e1ca2800,
0x00000293e131b000, 0x00000293e131c800, 0x00000293e131f800, 0x00000293e1324000,
0x00000293e1cf0000, 0x00000293c778c000, 0x00000293e1f35800, 0x00000293e2852800,
0x00000293e2853800, 0x00000293e564d800, 0x00000293e3a4b000, 0x00000293e2f69800,
0x00000293e2f69000, 0x00000293e2f66800, 0x00000293e2f68000
}

Java Threads: ( => current thread )
  0x00000293c76bd800 JavaThread "main" [_thread_blocked, id=11776, stack(0x00000099ac600000,0x00000099ac700000)]
  0x00000293e1302000 JavaThread "Reference Handler" daemon [_thread_blocked, id=5036, stack(0x00000099acd00000,0x00000099ace00000)]
  0x00000293e1303000 JavaThread "Finalizer" daemon [_thread_blocked, id=12904, stack(0x00000099ace00000,0x00000099acf00000)]
  0x00000293e1ca2800 JavaThread "Signal Dispatcher" daemon [_thread_blocked, id=1776, stack(0x00000099acf00000,0x00000099ad000000)]
  0x00000293e131b000 JavaThread "Attach Listener" daemon [_thread_blocked, id=3760, stack(0x00000099ad000000,0x00000099ad100000)]
  0x00000293e131c800 JavaThread "Service Thread" daemon [_thread_blocked, id=3848, stack(0x00000099ad100000,0x00000099ad200000)]
=>0x00000293e131f800 JavaThread "C2 CompilerThread0" daemon [_thread_in_native, id=13024, stack(0x00000099ad200000,0x00000099ad300000)]
  0x00000293e1324000 JavaThread "C1 CompilerThread0" daemon [_thread_blocked, id=12040, stack(0x00000099ad300000,0x00000099ad400000)]
  0x00000293e1cf0000 JavaThread "Sweeper thread" daemon [_thread_blocked, id=3228, stack(0x00000099ad400000,0x00000099ad500000)]
  0x00000293c778c000 JavaThread "Common-Cleaner" daemon [_thread_blocked, id=3612, stack(0x00000099ad500000,0x00000099ad600000)]
  0x00000293e1f35800 JavaThread "Monitor Ctrl-Break" daemon [_thread_in_native, id=8912, stack(0x00000099ad600000,0x00000099ad700000)]
  0x00000293e2852800 JavaThread "Thread-0" [_thread_blocked, id=10004, stack(0x00000099ad800000,0x00000099ad900000)]
  0x00000293e2853800 JavaThread "restartedMain" [_thread_in_native, id=13268, stack(0x00000099adb00000,0x00000099adc00000)]
  0x00000293e564d800 JavaThread "HikariPool-1 housekeeper" daemon [_thread_blocked, id=4800, stack(0x00000099ade00000,0x00000099adf00000)]
  0x00000293e3a4b000 JavaThread "HikariPool-1 connection adder" daemon [_thread_blocked, id=7432, stack(0x00000099ae000000,0x00000099ae100000)]
  0x00000293e2f69800 JavaThread "Catalina-utility-1" [_thread_blocked, id=9252, stack(0x00000099ae100000,0x00000099ae200000)]
  0x00000293e2f69000 JavaThread "Catalina-utility-2" [_thread_blocked, id=11864, stack(0x00000099ae200000,0x00000099ae300000)]
  0x00000293e2f66800 JavaThread "container-0" [_thread_blocked, id=6484, stack(0x00000099ae300000,0x00000099ae400000)]
  0x00000293e2f68000 JavaThread "C2 CompilerThread1" daemon [_thread_in_native, id=12136, stack(0x00000099add00000,0x00000099ade00000)]

Other Threads:
  0x00000293e12cd800 VMThread "VM Thread" [stack: 0x00000099acc00000,0x00000099acd00000] [id=9996]
  0x00000293e1f36800 WatcherThread [stack: 0x00000099ad700000,0x00000099ad800000] [id=3872]
  0x00000293c76d5800 GCTaskThread "GC Thread#0" [stack: 0x00000099ac700000,0x00000099ac800000] [id=12812]
  0x00000293e24c7800 GCTaskThread "GC Thread#1" [stack: 0x00000099ad900000,0x00000099ada00000] [id=6960]
  0x00000293e2642800 GCTaskThread "GC Thread#2" [stack: 0x00000099ada00000,0x00000099adb00000] [id=2336]
  0x00000293e3665000 GCTaskThread "GC Thread#3" [stack: 0x00000099adf00000,0x00000099ae000000] [id=13180]
  0x00000293c76ff000 ConcurrentGCThread "G1 Main Marker" [stack: 0x00000099ac800000,0x00000099ac900000] [id=10052]
  0x00000293c7700800 ConcurrentGCThread "G1 Conc#0" [stack: 0x00000099ac900000,0x00000099aca00000] [id=11700]
  0x00000293e1150800 ConcurrentGCThread "G1 Refine#0" [stack: 0x00000099aca00000,0x00000099acb00000] [id=9100]
  0x00000293e1151000 ConcurrentGCThread "G1 Young RemSet Sampling" [stack: 0x00000099acb00000,0x00000099acc00000] [id=5580]

Threads with active compile tasks:
C2 CompilerThread0  17843 4474       4       org.springframework.core.annotation.TypeMappedAnnotations$MergedAnnotationFinder::doWithAnnotations (75 bytes)
C2 CompilerThread1  17843 4439       4       org.springframework.core.annotation.TypeMappedAnnotations::get (52 bytes)

VM state:not at safepoint (normal execution)

VM Mutex/Monitor currently owned by a thread: None

Heap address: 0x0000000081e00000, size: 2018 MB, Compressed Oops mode: 32-bit
Narrow klass base: 0x0000000000000000, Narrow klass shift: 3
Compressed class space size: 1073741824 Address: 0x0000000100000000

Heap:
 garbage-first heap   total 131072K, used 52325K [0x0000000081e00000, 0x0000000100000000)
  region size 1024K, 38 young (38912K), 6 survivors (6144K)
 Metaspace       used 62379K, capacity 63903K, committed 64076K, reserved 1103872K
  class space    used 8098K, capacity 8681K, committed 8780K, reserved 1048576K
Heap Regions: E=young(eden), S=young(survivor), O=old, HS=humongous(starts), HC=humongous(continues), CS=collection set, F=free, A=archive, TAMS=top-at-mark-start (previous, next)
|   0|0x0000000081e00000, 0x0000000081f00000, 0x0000000081f00000|100%|HS|  |TAMS 0x0000000081f00000, 0x0000000081e00000| Complete 
|   1|0x0000000081f00000, 0x0000000082000000, 0x0000000082000000|100%| O|  |TAMS 0x0000000082000000, 0x0000000081f00000| Untracked 
|   2|0x0000000082000000, 0x0000000082100000, 0x0000000082100000|100%| O|  |TAMS 0x0000000082100000, 0x0000000082000000| Untracked 
|   3|0x0000000082100000, 0x0000000082200000, 0x0000000082200000|100%| O|  |TAMS 0x0000000082200000, 0x0000000082100000| Untracked 
|   4|0x0000000082200000, 0x0000000082300000, 0x0000000082300000|100%| O|  |TAMS 0x0000000082300000, 0x0000000082200000| Untracked 
|   5|0x0000000082300000, 0x0000000082400000, 0x0000000082400000|100%| O|  |TAMS 0x0000000082400000, 0x0000000082300000| Untracked 
|   6|0x0000000082400000, 0x0000000082500000, 0x0000000082500000|100%| O|  |TAMS 0x0000000082500000, 0x0000000082400000| Untracked 
|   7|0x0000000082500000, 0x0000000082600000, 0x0000000082600000|100%| O|  |TAMS 0x0000000082600000, 0x0000000082500000| Untracked 
|   8|0x0000000082600000, 0x0000000082700000, 0x0000000082700000|100%| O|  |TAMS 0x0000000082700000, 0x0000000082600000| Untracked 
|   9|0x0000000082700000, 0x0000000082800000, 0x0000000082800000|100%| O|  |TAMS 0x0000000082800000, 0x0000000082700000| Untracked 
|  10|0x0000000082800000, 0x0000000082900000, 0x0000000082900000|100%| O|  |TAMS 0x0000000082900000, 0x0000000082800000| Untracked 
|  11|0x0000000082900000, 0x0000000082a00000, 0x0000000082a00000|100%| O|  |TAMS 0x0000000082a00000, 0x0000000082900000| Untracked 
|  12|0x0000000082a00000, 0x0000000082b00000, 0x0000000082b00000|100%| O|  |TAMS 0x0000000082b00000, 0x0000000082a00000| Untracked 
|  13|0x0000000082b00000, 0x0000000082c00000, 0x0000000082c00000|100%| O|  |TAMS 0x0000000082c00000, 0x0000000082b00000| Untracked 
|  14|0x0000000082c00000, 0x0000000082c59a00, 0x0000000082d00000| 35%| O|  |TAMS 0x0000000082c59a00, 0x0000000082c00000| Untracked 
|  15|0x0000000082d00000, 0x0000000082d00000, 0x0000000082e00000|  0%| F|  |TAMS 0x0000000082d00000, 0x0000000082d00000| Untracked 
|  16|0x0000000082e00000, 0x0000000082e00000, 0x0000000082f00000|  0%| F|  |TAMS 0x0000000082e00000, 0x0000000082e00000| Untracked 
|  17|0x0000000082f00000, 0x0000000082f00000, 0x0000000083000000|  0%| F|  |TAMS 0x0000000082f00000, 0x0000000082f00000| Untracked 
|  18|0x0000000083000000, 0x0000000083000000, 0x0000000083100000|  0%| F|  |TAMS 0x0000000083000000, 0x0000000083000000| Untracked 
|  19|0x0000000083100000, 0x0000000083100000, 0x0000000083200000|  0%| F|  |TAMS 0x0000000083100000, 0x0000000083100000| Untracked 
|  20|0x0000000083200000, 0x0000000083200000, 0x0000000083300000|  0%| F|  |TAMS 0x0000000083200000, 0x0000000083200000| Untracked 
|  21|0x0000000083300000, 0x0000000083300000, 0x0000000083400000|  0%| F|  |TAMS 0x0000000083300000, 0x0000000083300000| Untracked 
|  22|0x0000000083400000, 0x0000000083400000, 0x0000000083500000|  0%| F|  |TAMS 0x0000000083400000, 0x0000000083400000| Untracked 
|  23|0x0000000083500000, 0x0000000083500000, 0x0000000083600000|  0%| F|  |TAMS 0x0000000083500000, 0x0000000083500000| Untracked 
|  24|0x0000000083600000, 0x0000000083600000, 0x0000000083700000|  0%| F|  |TAMS 0x0000000083600000, 0x0000000083600000| Untracked 
|  25|0x0000000083700000, 0x0000000083700000, 0x0000000083800000|  0%| F|  |TAMS 0x0000000083700000, 0x0000000083700000| Untracked 
|  26|0x0000000083800000, 0x0000000083800000, 0x0000000083900000|  0%| F|  |TAMS 0x0000000083800000, 0x0000000083800000| Untracked 
|  27|0x0000000083900000, 0x0000000083900000, 0x0000000083a00000|  0%| F|  |TAMS 0x0000000083900000, 0x0000000083900000| Untracked 
|  28|0x0000000083a00000, 0x0000000083a00000, 0x0000000083b00000|  0%| F|  |TAMS 0x0000000083a00000, 0x0000000083a00000| Untracked 
|  29|0x0000000083b00000, 0x0000000083b00000, 0x0000000083c00000|  0%| F|  |TAMS 0x0000000083b00000, 0x0000000083b00000| Untracked 
|  30|0x0000000083c00000, 0x0000000083c00000, 0x0000000083d00000|  0%| F|  |TAMS 0x0000000083c00000, 0x0000000083c00000| Untracked 
|  31|0x0000000083d00000, 0x0000000083d00000, 0x0000000083e00000|  0%| F|  |TAMS 0x0000000083d00000, 0x0000000083d00000| Untracked 
|  32|0x0000000083e00000, 0x0000000083e00000, 0x0000000083f00000|  0%| F|  |TAMS 0x0000000083e00000, 0x0000000083e00000| Untracked 
|  33|0x0000000083f00000, 0x0000000083f00000, 0x0000000084000000|  0%| F|  |TAMS 0x0000000083f00000, 0x0000000083f00000| Untracked 
|  34|0x0000000084000000, 0x0000000084000000, 0x0000000084100000|  0%| F|  |TAMS 0x0000000084000000, 0x0000000084000000| Untracked 
|  35|0x0000000084100000, 0x0000000084100000, 0x0000000084200000|  0%| F|  |TAMS 0x0000000084100000, 0x0000000084100000| Untracked 
|  36|0x0000000084200000, 0x0000000084200000, 0x0000000084300000|  0%| F|  |TAMS 0x0000000084200000, 0x0000000084200000| Untracked 
|  37|0x0000000084300000, 0x0000000084300000, 0x0000000084400000|  0%| F|  |TAMS 0x0000000084300000, 0x0000000084300000| Untracked 
|  38|0x0000000084400000, 0x0000000084400000, 0x0000000084500000|  0%| F|  |TAMS 0x0000000084400000, 0x0000000084400000| Untracked 
|  39|0x0000000084500000, 0x0000000084500000, 0x0000000084600000|  0%| F|  |TAMS 0x0000000084500000, 0x0000000084500000| Untracked 
|  40|0x0000000084600000, 0x0000000084600000, 0x0000000084700000|  0%| F|  |TAMS 0x0000000084600000, 0x0000000084600000| Untracked 
|  41|0x0000000084700000, 0x0000000084700000, 0x0000000084800000|  0%| F|  |TAMS 0x0000000084700000, 0x0000000084700000| Untracked 
|  42|0x0000000084800000, 0x0000000084800000, 0x0000000084900000|  0%| F|  |TAMS 0x0000000084800000, 0x0000000084800000| Untracked 
|  43|0x0000000084900000, 0x0000000084900000, 0x0000000084a00000|  0%| F|  |TAMS 0x0000000084900000, 0x0000000084900000| Untracked 
|  44|0x0000000084a00000, 0x0000000084a00000, 0x0000000084b00000|  0%| F|  |TAMS 0x0000000084a00000, 0x0000000084a00000| Untracked 
|  45|0x0000000084b00000, 0x0000000084b00000, 0x0000000084c00000|  0%| F|  |TAMS 0x0000000084b00000, 0x0000000084b00000| Untracked 
|  46|0x0000000084c00000, 0x0000000084c00000, 0x0000000084d00000|  0%| F|  |TAMS 0x0000000084c00000, 0x0000000084c00000| Untracked 
|  47|0x0000000084d00000, 0x0000000084d00000, 0x0000000084e00000|  0%| F|  |TAMS 0x0000000084d00000, 0x0000000084d00000| Untracked 
|  48|0x0000000084e00000, 0x0000000084e00000, 0x0000000084f00000|  0%| F|  |TAMS 0x0000000084e00000, 0x0000000084e00000| Untracked 
|  49|0x0000000084f00000, 0x0000000084f00000, 0x0000000085000000|  0%| F|  |TAMS 0x0000000084f00000, 0x0000000084f00000| Untracked 
|  50|0x0000000085000000, 0x0000000085000000, 0x0000000085100000|  0%| F|  |TAMS 0x0000000085000000, 0x0000000085000000| Untracked 
|  51|0x0000000085100000, 0x0000000085100000, 0x0000000085200000|  0%| F|  |TAMS 0x0000000085100000, 0x0000000085100000| Untracked 
|  52|0x0000000085200000, 0x0000000085200000, 0x0000000085300000|  0%| F|  |TAMS 0x0000000085200000, 0x0000000085200000| Untracked 
|  53|0x0000000085300000, 0x0000000085300000, 0x0000000085400000|  0%| F|  |TAMS 0x0000000085300000, 0x0000000085300000| Untracked 
|  54|0x0000000085400000, 0x0000000085400000, 0x0000000085500000|  0%| F|  |TAMS 0x0000000085400000, 0x0000000085400000| Untracked 
|  55|0x0000000085500000, 0x0000000085500000, 0x0000000085600000|  0%| F|  |TAMS 0x0000000085500000, 0x0000000085500000| Untracked 
|  56|0x0000000085600000, 0x0000000085600000, 0x0000000085700000|  0%| F|  |TAMS 0x0000000085600000, 0x0000000085600000| Untracked 
|  57|0x0000000085700000, 0x0000000085700000, 0x0000000085800000|  0%| F|  |TAMS 0x0000000085700000, 0x0000000085700000| Untracked 
|  58|0x0000000085800000, 0x0000000085800000, 0x0000000085900000|  0%| F|  |TAMS 0x0000000085800000, 0x0000000085800000| Untracked 
|  59|0x0000000085900000, 0x00000000859bfb98, 0x0000000085a00000| 74%| S|CS|TAMS 0x0000000085900000, 0x0000000085900000| Complete 
|  60|0x0000000085a00000, 0x0000000085b00000, 0x0000000085b00000|100%| S|CS|TAMS 0x0000000085a00000, 0x0000000085a00000| Complete 
|  61|0x0000000085b00000, 0x0000000085c00000, 0x0000000085c00000|100%| S|CS|TAMS 0x0000000085b00000, 0x0000000085b00000| Complete 
|  62|0x0000000085c00000, 0x0000000085d00000, 0x0000000085d00000|100%| S|CS|TAMS 0x0000000085c00000, 0x0000000085c00000| Complete 
|  63|0x0000000085d00000, 0x0000000085e00000, 0x0000000085e00000|100%| S|CS|TAMS 0x0000000085d00000, 0x0000000085d00000| Complete 
|  64|0x0000000085e00000, 0x0000000085f00000, 0x0000000085f00000|100%| S|CS|TAMS 0x0000000085e00000, 0x0000000085e00000| Complete 
|  65|0x0000000085f00000, 0x0000000085f00000, 0x0000000086000000|  0%| F|  |TAMS 0x0000000085f00000, 0x0000000085f00000| Untracked 
|  66|0x0000000086000000, 0x0000000086000000, 0x0000000086100000|  0%| F|  |TAMS 0x0000000086000000, 0x0000000086000000| Untracked 
|  67|0x0000000086100000, 0x0000000086100000, 0x0000000086200000|  0%| F|  |TAMS 0x0000000086100000, 0x0000000086100000| Untracked 
|  68|0x0000000086200000, 0x0000000086200000, 0x0000000086300000|  0%| F|  |TAMS 0x0000000086200000, 0x0000000086200000| Untracked 
|  69|0x0000000086300000, 0x0000000086300000, 0x0000000086400000|  0%| F|  |TAMS 0x0000000086300000, 0x0000000086300000| Untracked 
|  70|0x0000000086400000, 0x0000000086400000, 0x0000000086500000|  0%| F|  |TAMS 0x0000000086400000, 0x0000000086400000| Untracked 
|  71|0x0000000086500000, 0x0000000086500000, 0x0000000086600000|  0%| F|  |TAMS 0x0000000086500000, 0x0000000086500000| Untracked 
|  72|0x0000000086600000, 0x0000000086600000, 0x0000000086700000|  0%| F|  |TAMS 0x0000000086600000, 0x0000000086600000| Untracked 
|  73|0x0000000086700000, 0x0000000086700000, 0x0000000086800000|  0%| F|  |TAMS 0x0000000086700000, 0x0000000086700000| Untracked 
|  74|0x0000000086800000, 0x0000000086800000, 0x0000000086900000|  0%| F|  |TAMS 0x0000000086800000, 0x0000000086800000| Untracked 
|  75|0x0000000086900000, 0x0000000086900000, 0x0000000086a00000|  0%| F|  |TAMS 0x0000000086900000, 0x0000000086900000| Untracked 
|  76|0x0000000086a00000, 0x0000000086a00000, 0x0000000086b00000|  0%| F|  |TAMS 0x0000000086a00000, 0x0000000086a00000| Untracked 
|  77|0x0000000086b00000, 0x0000000086b00000, 0x0000000086c00000|  0%| F|  |TAMS 0x0000000086b00000, 0x0000000086b00000| Untracked 
|  78|0x0000000086c00000, 0x0000000086c00000, 0x0000000086d00000|  0%| F|  |TAMS 0x0000000086c00000, 0x0000000086c00000| Untracked 
|  79|0x0000000086d00000, 0x0000000086d00000, 0x0000000086e00000|  0%| F|  |TAMS 0x0000000086d00000, 0x0000000086d00000| Untracked 
|  80|0x0000000086e00000, 0x0000000086e00000, 0x0000000086f00000|  0%| F|  |TAMS 0x0000000086e00000, 0x0000000086e00000| Untracked 
|  81|0x0000000086f00000, 0x0000000086f00000, 0x0000000087000000|  0%| F|  |TAMS 0x0000000086f00000, 0x0000000086f00000| Untracked 
|  82|0x0000000087000000, 0x0000000087000000, 0x0000000087100000|  0%| F|  |TAMS 0x0000000087000000, 0x0000000087000000| Untracked 
|  83|0x0000000087100000, 0x0000000087100000, 0x0000000087200000|  0%| F|  |TAMS 0x0000000087100000, 0x0000000087100000| Untracked 
|  84|0x0000000087200000, 0x0000000087200000, 0x0000000087300000|  0%| F|  |TAMS 0x0000000087200000, 0x0000000087200000| Untracked 
|  85|0x0000000087300000, 0x0000000087300000, 0x0000000087400000|  0%| F|  |TAMS 0x0000000087300000, 0x0000000087300000| Untracked 
|  86|0x0000000087400000, 0x0000000087400000, 0x0000000087500000|  0%| F|  |TAMS 0x0000000087400000, 0x0000000087400000| Untracked 
|  87|0x0000000087500000, 0x0000000087500000, 0x0000000087600000|  0%| F|  |TAMS 0x0000000087500000, 0x0000000087500000| Untracked 
|  88|0x0000000087600000, 0x0000000087600000, 0x0000000087700000|  0%| F|  |TAMS 0x0000000087600000, 0x0000000087600000| Untracked 
|  89|0x0000000087700000, 0x0000000087700000, 0x0000000087800000|  0%| F|  |TAMS 0x0000000087700000, 0x0000000087700000| Untracked 
|  90|0x0000000087800000, 0x0000000087800000, 0x0000000087900000|  0%| F|  |TAMS 0x0000000087800000, 0x0000000087800000| Untracked 
|  91|0x0000000087900000, 0x0000000087900000, 0x0000000087a00000|  0%| F|  |TAMS 0x0000000087900000, 0x0000000087900000| Untracked 
|  92|0x0000000087a00000, 0x0000000087a00000, 0x0000000087b00000|  0%| F|  |TAMS 0x0000000087a00000, 0x0000000087a00000| Untracked 
|  93|0x0000000087b00000, 0x0000000087b00000, 0x0000000087c00000|  0%| F|  |TAMS 0x0000000087b00000, 0x0000000087b00000| Untracked 
|  94|0x0000000087c00000, 0x0000000087c00000, 0x0000000087d00000|  0%| F|  |TAMS 0x0000000087c00000, 0x0000000087c00000| Untracked 
|  95|0x0000000087d00000, 0x0000000087d00000, 0x0000000087e00000|  0%| F|  |TAMS 0x0000000087d00000, 0x0000000087d00000| Untracked 
|  96|0x0000000087e00000, 0x0000000087f00000, 0x0000000087f00000|100%| E|  |TAMS 0x0000000087e00000, 0x0000000087e00000| Complete 
|  97|0x0000000087f00000, 0x0000000088000000, 0x0000000088000000|100%| E|CS|TAMS 0x0000000087f00000, 0x0000000087f00000| Complete 
|  98|0x0000000088000000, 0x0000000088100000, 0x0000000088100000|100%| E|CS|TAMS 0x0000000088000000, 0x0000000088000000| Complete 
|  99|0x0000000088100000, 0x0000000088200000, 0x0000000088200000|100%| E|CS|TAMS 0x0000000088100000, 0x0000000088100000| Complete 
| 100|0x0000000088200000, 0x0000000088300000, 0x0000000088300000|100%| E|CS|TAMS 0x0000000088200000, 0x0000000088200000| Complete 
| 101|0x0000000088300000, 0x0000000088400000, 0x0000000088400000|100%| E|CS|TAMS 0x0000000088300000, 0x0000000088300000| Complete 
| 102|0x0000000088400000, 0x0000000088500000, 0x0000000088500000|100%| E|CS|TAMS 0x0000000088400000, 0x0000000088400000| Complete 
| 103|0x0000000088500000, 0x0000000088600000, 0x0000000088600000|100%| E|CS|TAMS 0x0000000088500000, 0x0000000088500000| Complete 
| 104|0x0000000088600000, 0x0000000088700000, 0x0000000088700000|100%| E|CS|TAMS 0x0000000088600000, 0x0000000088600000| Complete 
| 105|0x0000000088700000, 0x0000000088800000, 0x0000000088800000|100%| E|CS|TAMS 0x0000000088700000, 0x0000000088700000| Complete 
| 106|0x0000000088800000, 0x0000000088900000, 0x0000000088900000|100%| E|CS|TAMS 0x0000000088800000, 0x0000000088800000| Complete 
| 107|0x0000000088900000, 0x0000000088a00000, 0x0000000088a00000|100%| E|CS|TAMS 0x0000000088900000, 0x0000000088900000| Complete 
| 108|0x0000000088a00000, 0x0000000088b00000, 0x0000000088b00000|100%| E|CS|TAMS 0x0000000088a00000, 0x0000000088a00000| Complete 
| 109|0x0000000088b00000, 0x0000000088c00000, 0x0000000088c00000|100%| E|CS|TAMS 0x0000000088b00000, 0x0000000088b00000| Complete 
| 110|0x0000000088c00000, 0x0000000088d00000, 0x0000000088d00000|100%| E|CS|TAMS 0x0000000088c00000, 0x0000000088c00000| Complete 
| 111|0x0000000088d00000, 0x0000000088e00000, 0x0000000088e00000|100%| E|CS|TAMS 0x0000000088d00000, 0x0000000088d00000| Complete 
| 112|0x0000000088e00000, 0x0000000088f00000, 0x0000000088f00000|100%| E|CS|TAMS 0x0000000088e00000, 0x0000000088e00000| Complete 
| 113|0x0000000088f00000, 0x0000000089000000, 0x0000000089000000|100%| E|CS|TAMS 0x0000000088f00000, 0x0000000088f00000| Complete 
| 114|0x0000000089000000, 0x0000000089100000, 0x0000000089100000|100%| E|CS|TAMS 0x0000000089000000, 0x0000000089000000| Complete 
| 115|0x0000000089100000, 0x0000000089200000, 0x0000000089200000|100%| E|CS|TAMS 0x0000000089100000, 0x0000000089100000| Complete 
| 116|0x0000000089200000, 0x0000000089300000, 0x0000000089300000|100%| E|CS|TAMS 0x0000000089200000, 0x0000000089200000| Complete 
| 117|0x0000000089300000, 0x0000000089400000, 0x0000000089400000|100%| E|CS|TAMS 0x0000000089300000, 0x0000000089300000| Complete 
| 118|0x0000000089400000, 0x0000000089500000, 0x0000000089500000|100%| E|CS|TAMS 0x0000000089400000, 0x0000000089400000| Complete 
| 119|0x0000000089500000, 0x0000000089600000, 0x0000000089600000|100%| E|CS|TAMS 0x0000000089500000, 0x0000000089500000| Complete 
| 120|0x0000000089600000, 0x0000000089700000, 0x0000000089700000|100%| E|CS|TAMS 0x0000000089600000, 0x0000000089600000| Complete 
| 121|0x0000000089700000, 0x0000000089800000, 0x0000000089800000|100%| E|CS|TAMS 0x0000000089700000, 0x0000000089700000| Complete 
| 122|0x0000000089800000, 0x0000000089900000, 0x0000000089900000|100%| E|CS|TAMS 0x0000000089800000, 0x0000000089800000| Complete 
| 123|0x0000000089900000, 0x0000000089a00000, 0x0000000089a00000|100%| E|CS|TAMS 0x0000000089900000, 0x0000000089900000| Complete 
| 124|0x0000000089a00000, 0x0000000089b00000, 0x0000000089b00000|100%| E|CS|TAMS 0x0000000089a00000, 0x0000000089a00000| Complete 
| 125|0x0000000089b00000, 0x0000000089c00000, 0x0000000089c00000|100%| E|CS|TAMS 0x0000000089b00000, 0x0000000089b00000| Complete 
| 126|0x0000000089c00000, 0x0000000089d00000, 0x0000000089d00000|100%| E|CS|TAMS 0x0000000089c00000, 0x0000000089c00000| Complete 
| 127|0x0000000089d00000, 0x0000000089e00000, 0x0000000089e00000|100%| E|CS|TAMS 0x0000000089d00000, 0x0000000089d00000| Complete 

Card table byte_map: [0x00000293da6e0000,0x00000293daae0000] _byte_map_base: 0x00000293da2d1000

Marking Bits (Prev, Next): (CMBitMap*) 0x00000293c76f62f0, (CMBitMap*) 0x00000293c76f62b8
 Prev Bits: [0x00000293dce70000, 0x00000293dedf8000)
 Next Bits: [0x00000293daee0000, 0x00000293dce68000)

Polling page: 0x00000293c56b0000

Metaspace:

Usage:
  Non-class:     53.93 MB capacity,    53.03 MB ( 98%) used,   723.29 KB (  1%) free+waste,   192.06 KB ( <1%) overhead. 
      Class:      8.48 MB capacity,     7.91 MB ( 93%) used,   489.17 KB (  6%) free+waste,    89.44 KB (  1%) overhead. 
       Both:     62.41 MB capacity,    60.95 MB ( 98%) used,     1.18 MB (  2%) free+waste,   281.50 KB ( <1%) overhead. 

Virtual space:
  Non-class space:       54.00 MB reserved,      54.00 MB (100%) committed 
      Class space:        1.00 GB reserved,       8.57 MB ( <1%) committed 
             Both:        1.05 GB reserved,      62.57 MB (  6%) committed 

Chunk freelists:
   Non-Class:  10.00 KB
       Class:  0 bytes
        Both:  10.00 KB

MaxMetaspaceSize: 17179869184.00 GB
CompressedClassSpaceSize: 1.00 GB

CodeHeap 'non-profiled nmethods': size=120064Kb used=2996Kb max_used=2996Kb free=117067Kb
 bounds [0x00000293d2da0000, 0x00000293d3090000, 0x00000293da2e0000]
CodeHeap 'profiled nmethods': size=120000Kb used=10412Kb max_used=10412Kb free=109587Kb
 bounds [0x00000293cb870000, 0x00000293cc2a0000, 0x00000293d2da0000]
CodeHeap 'non-nmethods': size=5696Kb used=1219Kb max_used=1269Kb free=4476Kb
 bounds [0x00000293cb2e0000, 0x00000293cb550000, 0x00000293cb870000]
 total_blobs=5180 nmethods=4590 adapters=501
 compilation: enabled
              stopped_count=0, restarted_count=0
 full_count=0

Compilation events (20 events):
Event: 17.128 Thread 0x00000293e1324000 4567   !   2       com.sun.proxy.$Proxy59::annotationType (29 bytes)
Event: 17.128 Thread 0x00000293e1324000 nmethod 4567 0x00000293cc27ee90 code [0x00000293cc27f060, 0x00000293cc27f2b8]
Event: 17.128 Thread 0x00000293e1324000 4568       2       org.springframework.aop.scope.ScopedProxyUtils::isScopedTarget (19 bytes)
Event: 17.128 Thread 0x00000293e1324000 nmethod 4568 0x00000293cc27f410 code [0x00000293cc27f5c0, 0x00000293cc27f708]
Event: 17.192 Thread 0x00000293e1324000 4569       2       java.util.concurrent.ConcurrentHashMap::<init> (9 bytes)
Event: 17.192 Thread 0x00000293e1324000 nmethod 4569 0x00000293cc27f810 code [0x00000293cc27f9e0, 0x00000293cc27fb08]
Event: 17.213 Thread 0x00000293e1324000 4570       2       java.util.Arrays$ArrayList::toArray (15 bytes)
Event: 17.214 Thread 0x00000293e1324000 nmethod 4570 0x00000293cc27fb90 code [0x00000293cc27fd40, 0x00000293cc27fe68]
Event: 17.261 Thread 0x00000293e1324000 4571       2       org.springframework.beans.support.ResourceEditorRegistrar::doRegisterEditor (28 bytes)
Event: 17.261 Thread 0x00000293e1324000 nmethod 4571 0x00000293cc27ff10 code [0x00000293cc2800e0, 0x00000293cc280398]
Event: 17.262 Thread 0x00000293e1324000 4572       1       org.springframework.data.jpa.repository.config.JpaMetamodelMappingContextFactoryBean::getObjectType (3 bytes)
Event: 17.262 Thread 0x00000293e1324000 nmethod 4572 0x00000293d308b410 code [0x00000293d308b5c0, 0x00000293d308b678]
Event: 17.272 Thread 0x00000293e1324000 4574   !   2       org.springframework.core.SerializableTypeWrapper$TypeProxyInvocationHandler::invoke (325 bytes)
Event: 17.274 Thread 0x00000293e1324000 nmethod 4574 0x00000293cc280510 code [0x00000293cc280880, 0x00000293cc281708]
Event: 17.277 Thread 0x00000293e1324000 4575       2       org.springframework.beans.factory.support.AbstractBeanFactory::getBean (9 bytes)
Event: 17.277 Thread 0x00000293e1324000 nmethod 4575 0x00000293cc281e90 code [0x00000293cc282040, 0x00000293cc282168]
Event: 17.278 Thread 0x00000293e1324000 4576       2       java.lang.Class::methodToString (98 bytes)
Event: 17.279 Thread 0x00000293e1324000 nmethod 4576 0x00000293cc282210 code [0x00000293cc282460, 0x00000293cc2829f8]
Event: 17.279 Thread 0x00000293e1324000 4577       2       java.lang.NoSuchMethodException::<init> (6 bytes)
Event: 17.279 Thread 0x00000293e1324000 nmethod 4577 0x00000293cc282d90 code [0x00000293cc282f40, 0x00000293cc283048]

GC Heap History (20 events):
Event: 2.954 GC heap before
{Heap before GC invocations=1 (full 0):
 garbage-first heap   total 131072K, used 17229K [0x0000000081e00000, 0x0000000100000000)
  region size 1024K, 13 young (13312K), 2 survivors (2048K)
 Metaspace       used 12349K, capacity 12609K, committed 12928K, reserved 1060864K
  class space    used 1217K, capacity 1289K, committed 1408K, reserved 1048576K
}
Event: 2.958 GC heap after
{Heap after GC invocations=2 (full 0):
 garbage-first heap   total 131072K, used 6712K [0x0000000081e00000, 0x0000000100000000)
  region size 1024K, 1 young (1024K), 1 survivors (1024K)
 Metaspace       used 12349K, capacity 12609K, committed 12928K, reserved 1060864K
  class space    used 1217K, capacity 1289K, committed 1408K, reserved 1048576K
}
Event: 2.991 GC heap before
{Heap before GC invocations=2 (full 0):
 garbage-first heap   total 131072K, used 34360K [0x0000000081e00000, 0x0000000100000000)
  region size 1024K, 29 young (29696K), 1 survivors (1024K)
 Metaspace       used 12349K, capacity 12609K, committed 12928K, reserved 1060864K
  class space    used 1217K, capacity 1289K, committed 1408K, reserved 1048576K
}
Event: 2.993 GC heap after
{Heap after GC invocations=3 (full 0):
 garbage-first heap   total 131072K, used 6765K [0x0000000081e00000, 0x0000000100000000)
  region size 1024K, 1 young (1024K), 1 survivors (1024K)
 Metaspace       used 12349K, capacity 12609K, committed 12928K, reserved 1060864K
  class space    used 1217K, capacity 1289K, committed 1408K, reserved 1048576K
}
Event: 5.995 GC heap before
{Heap before GC invocations=3 (full 0):
 garbage-first heap   total 131072K, used 49773K [0x0000000081e00000, 0x0000000100000000)
  region size 1024K, 44 young (45056K), 1 survivors (1024K)
 Metaspace       used 19793K, capacity 20275K, committed 20608K, reserved 1067008K
  class space    used 2176K, capacity 2349K, committed 2432K, reserved 1048576K
}
Event: 6.050 GC heap after
{Heap after GC invocations=4 (full 0):
 garbage-first heap   total 131072K, used 8553K [0x0000000081e00000, 0x0000000100000000)
  region size 1024K, 3 young (3072K), 3 survivors (3072K)
 Metaspace       used 19793K, capacity 20275K, committed 20608K, reserved 1067008K
  class space    used 2176K, capacity 2349K, committed 2432K, reserved 1048576K
}
Event: 6.100 GC heap before
{Heap before GC invocations=4 (full 0):
 garbage-first heap   total 131072K, used 11625K [0x0000000081e00000, 0x0000000100000000)
  region size 1024K, 7 young (7168K), 3 survivors (3072K)
 Metaspace       used 20554K, capacity 21081K, committed 21248K, reserved 1069056K
  class space    used 2255K, capacity 2447K, committed 2560K, reserved 1048576K
}
Event: 6.105 GC heap after
{Heap after GC invocations=5 (full 0):
 garbage-first heap   total 131072K, used 8570K [0x0000000081e00000, 0x0000000100000000)
  region size 1024K, 3 young (3072K), 3 survivors (3072K)
 Metaspace       used 20554K, capacity 21081K, committed 21248K, reserved 1069056K
  class space    used 2255K, capacity 2447K, committed 2560K, reserved 1048576K
}
Event: 6.835 GC heap before
{Heap before GC invocations=6 (full 0):
 garbage-first heap   total 131072K, used 74106K [0x0000000081e00000, 0x0000000100000000)
  region size 1024K, 68 young (69632K), 3 survivors (3072K)
 Metaspace       used 25846K, capacity 26418K, committed 26496K, reserved 1073152K
  class space    used 2942K, capacity 3159K, committed 3200K, reserved 1048576K
}
Event: 6.841 GC heap after
{Heap after GC invocations=7 (full 0):
 garbage-first heap   total 131072K, used 9876K [0x0000000081e00000, 0x0000000100000000)
  region size 1024K, 4 young (4096K), 4 survivors (4096K)
 Metaspace       used 25846K, capacity 26418K, committed 26496K, reserved 1073152K
  class space    used 2942K, capacity 3159K, committed 3200K, reserved 1048576K
}
Event: 10.364 GC heap before
{Heap before GC invocations=7 (full 0):
 garbage-first heap   total 131072K, used 80532K [0x0000000081e00000, 0x0000000100000000)
  region size 1024K, 73 young (74752K), 4 survivors (4096K)
 Metaspace       used 31456K, capacity 32253K, committed 32384K, reserved 1077248K
  class space    used 3661K, capacity 3952K, committed 3968K, reserved 1048576K
}
Event: 10.375 GC heap after
{Heap after GC invocations=8 (full 0):
 garbage-first heap   total 131072K, used 12740K [0x0000000081e00000, 0x0000000100000000)
  region size 1024K, 7 young (7168K), 7 survivors (7168K)
 Metaspace       used 31456K, capacity 32253K, committed 32384K, reserved 1077248K
  class space    used 3661K, capacity 3952K, committed 3968K, reserved 1048576K
}
Event: 11.427 GC heap before
{Heap before GC invocations=8 (full 0):
 garbage-first heap   total 131072K, used 37316K [0x0000000081e00000, 0x0000000100000000)
  region size 1024K, 32 young (32768K), 7 survivors (7168K)
 Metaspace       used 34817K, capacity 35775K, committed 35840K, reserved 1081344K
  class space    used 4180K, capacity 4557K, committed 4608K, reserved 1048576K
}
Event: 11.443 GC heap after
{Heap after GC invocations=9 (full 0):
 garbage-first heap   total 131072K, used 14925K [0x0000000081e00000, 0x0000000100000000)
  region size 1024K, 7 young (7168K), 7 survivors (7168K)
 Metaspace       used 34817K, capacity 35775K, committed 35840K, reserved 1081344K
  class space    used 4180K, capacity 4557K, committed 4608K, reserved 1048576K
}
Event: 12.300 GC heap before
{Heap before GC invocations=10 (full 0):
 garbage-first heap   total 131072K, used 83533K [0x0000000081e00000, 0x0000000100000000)
  region size 1024K, 75 young (76800K), 7 survivors (7168K)
 Metaspace       used 37148K, capacity 38110K, committed 38400K, reserved 1083392K
  class space    used 4423K, capacity 4803K, committed 4864K, reserved 1048576K
}
Event: 12.310 GC heap after
{Heap after GC invocations=11 (full 0):
 garbage-first heap   total 131072K, used 15604K [0x0000000081e00000, 0x0000000100000000)
  region size 1024K, 6 young (6144K), 6 survivors (6144K)
 Metaspace       used 37148K, capacity 38110K, committed 38400K, reserved 1083392K
  class space    used 4423K, capacity 4803K, committed 4864K, reserved 1048576K
}
Event: 13.821 GC heap before
{Heap before GC invocations=11 (full 0):
 garbage-first heap   total 131072K, used 86260K [0x0000000081e00000, 0x0000000100000000)
  region size 1024K, 76 young (77824K), 6 survivors (6144K)
 Metaspace       used 45657K, capacity 46838K, committed 46976K, reserved 1089536K
  class space    used 5484K, capacity 5947K, committed 6016K, reserved 1048576K
}
Event: 13.832 GC heap after
{Heap after GC invocations=12 (full 0):
 garbage-first heap   total 131072K, used 18454K [0x0000000081e00000, 0x0000000100000000)
  region size 1024K, 6 young (6144K), 6 survivors (6144K)
 Metaspace       used 45657K, capacity 46838K, committed 46976K, reserved 1089536K
  class space    used 5484K, capacity 5947K, committed 6016K, reserved 1048576K
}
Event: 16.449 GC heap before
{Heap before GC invocations=12 (full 0):
 garbage-first heap   total 131072K, used 81942K [0x0000000081e00000, 0x0000000100000000)
  region size 1024K, 69 young (70656K), 6 survivors (6144K)
 Metaspace       used 58785K, capacity 60090K, committed 60160K, reserved 1101824K
  class space    used 7551K, capacity 8039K, committed 8064K, reserved 1048576K
}
Event: 16.462 GC heap after
{Heap after GC invocations=13 (full 0):
 garbage-first heap   total 131072K, used 20581K [0x0000000081e00000, 0x0000000100000000)
  region size 1024K, 6 young (6144K), 6 survivors (6144K)
 Metaspace       used 58785K, capacity 60090K, committed 60160K, reserved 1101824K
  class space    used 7551K, capacity 8039K, committed 8064K, reserved 1048576K
}

Deoptimization events (20 events):
Event: 16.865 Thread 0x00000293e2853800 Uncommon trap: trap_request=0xffffffc6 fr.pc=0x00000293d2f1c490 relative=0x0000000000001cd0
Event: 16.865 Thread 0x00000293e2853800 Uncommon trap: reason=bimorphic_or_optimized_type_check action=maybe_recompile pc=0x00000293d2f1c490 method=org.springframework.core.annotation.TypeMappedAnnotation.getValue(IZZ)Ljava/lang/Object; @ 121 c2
Event: 16.865 Thread 0x00000293e2853800 DEOPT PACKING pc=0x00000293d2f1c490 sp=0x00000099adbfd320
Event: 16.865 Thread 0x00000293e2853800 DEOPT UNPACKING pc=0x00000293cb30662f sp=0x00000099adbfd2d8 mode 2
Event: 16.884 Thread 0x00000293e2853800 Uncommon trap: trap_request=0xffffffc6 fr.pc=0x00000293d2f1c490 relative=0x0000000000001cd0
Event: 16.884 Thread 0x00000293e2853800 Uncommon trap: reason=bimorphic_or_optimized_type_check action=maybe_recompile pc=0x00000293d2f1c490 method=org.springframework.core.annotation.TypeMappedAnnotation.getValue(IZZ)Ljava/lang/Object; @ 121 c2
Event: 16.884 Thread 0x00000293e2853800 DEOPT PACKING pc=0x00000293d2f1c490 sp=0x00000099adbfd320
Event: 16.884 Thread 0x00000293e2853800 DEOPT UNPACKING pc=0x00000293cb30662f sp=0x00000099adbfd2d8 mode 2
Event: 16.891 Thread 0x00000293e2853800 Uncommon trap: trap_request=0xffffffc6 fr.pc=0x00000293d2f1c490 relative=0x0000000000001cd0
Event: 16.891 Thread 0x00000293e2853800 Uncommon trap: reason=bimorphic_or_optimized_type_check action=maybe_recompile pc=0x00000293d2f1c490 method=org.springframework.core.annotation.TypeMappedAnnotation.getValue(IZZ)Ljava/lang/Object; @ 121 c2
Event: 16.892 Thread 0x00000293e2853800 DEOPT PACKING pc=0x00000293d2f1c490 sp=0x00000099adbfd320
Event: 16.892 Thread 0x00000293e2853800 DEOPT UNPACKING pc=0x00000293cb30662f sp=0x00000099adbfd2d8 mode 2
Event: 16.976 Thread 0x00000293e2853800 Uncommon trap: trap_request=0xffffff4d fr.pc=0x00000293d3058a88 relative=0x0000000000001468
Event: 16.976 Thread 0x00000293e2853800 Uncommon trap: reason=unstable_if action=reinterpret pc=0x00000293d3058a88 method=java.util.concurrent.ConcurrentHashMap.putVal(Ljava/lang/Object;Ljava/lang/Object;Z)Ljava/lang/Object; @ 401 c2
Event: 16.976 Thread 0x00000293e2853800 DEOPT PACKING pc=0x00000293d3058a88 sp=0x00000099adbf9d50
Event: 16.976 Thread 0x00000293e2853800 DEOPT UNPACKING pc=0x00000293cb30662f sp=0x00000099adbf9d00 mode 2
Event: 16.977 Thread 0x00000293e2853800 Uncommon trap: trap_request=0xffffff4d fr.pc=0x00000293d2fb05e4 relative=0x0000000000000224
Event: 16.977 Thread 0x00000293e2853800 Uncommon trap: reason=unstable_if action=reinterpret pc=0x00000293d2fb05e4 method=java.util.concurrent.ConcurrentHashMap.get(Ljava/lang/Object;)Ljava/lang/Object; @ 86 c2
Event: 16.977 Thread 0x00000293e2853800 DEOPT PACKING pc=0x00000293d2fb05e4 sp=0x00000099adbf9e10
Event: 16.977 Thread 0x00000293e2853800 DEOPT UNPACKING pc=0x00000293cb30662f sp=0x00000099adbf9d78 mode 2

Classes redefined (0 events):
No events

Internal exceptions (20 events):
Event: 12.556 Thread 0x00000293e2853800 Exception <a 'java/lang/NoSuchMethodError'{0x0000000087fa5678}: 'double java.lang.invoke.DirectMethodHandle$Holder.invokeSpecial(java.lang.Object, java.lang.Object, java.lang.Object)'> (0x0000000087fa5678) thrown at [./src/hotspot/share/interpreter/linkResolver.cpp, line 779]
Event: 13.260 Thread 0x00000293e2853800 Exception <a 'java/io/FileNotFoundException'{0x00000000867f8628}> (0x00000000867f8628) thrown at [./src/hotspot/share/prims/jni.cpp, line 616]
Event: 13.547 Thread 0x00000293e2853800 Implicit null exception at 0x00000293d2f13dcf to 0x00000293d2f14000
Event: 13.897 Thread 0x00000293e131c800 Exception <a 'java/lang/NoSuchMethodError'{0x0000000089b79300}: 'long java.lang.invoke.DirectMethodHandle$Holder.invokeStatic(java.lang.Object, long, long)'> (0x0000000089b79300) thrown at [./src/hotspot/share/interpreter/linkResolver.cpp, line 779]
Event: 15.787 Thread 0x00000293e2853800 Exception <a 'java/lang/NoSuchMethodError'{0x00000000877fcd18}: 'java.lang.Object java.lang.invoke.DirectMethodHandle$Holder.newInvokeSpecial(java.lang.Object, java.lang.Object, int, java.lang.Object, java.lang.Object)'> (0x00000000877fcd18) thrown at [./src/hotspot/share/interpreter/linkResolver.cpp, line 779]
Event: 16.431 Thread 0x00000293e2853800 Exception <a 'java/lang/NoSuchMethodError'{0x00000000860341b0}: 'void java.lang.invoke.DirectMethodHandle$Holder.invokeInterface(java.lang.Object, java.lang.Object)'> (0x00000000860341b0) thrown at [./src/hotspot/share/interpreter/linkResolver.cpp, line 779]
Event: 16.447 Thread 0x00000293e2853800 Exception <a 'java/lang/NoSuchMethodError'{0x0000000085f0bee0}: 'java.lang.Object java.lang.invoke.DirectMethodHandle$Holder.invokeStaticInit(java.lang.Object, java.lang.Object, java.lang.Object, java.lang.Object, int, int)'> (0x0000000085f0bee0) thrown at [./src/hotspot/share/interpreter/linkResolver.cpp, line 779]
Event: 16.490 Thread 0x00000293e2853800 Exception <a 'java/lang/NoSuchMethodError'{0x0000000089c20308}: 'void java.lang.invoke.DirectMethodHandle$Holder.invokeStaticInit(java.lang.Object, java.lang.Object, java.lang.Object, java.lang.Object)'> (0x0000000089c20308) thrown at [./src/hotspot/share/interpreter/linkResolver.cpp, line 779]
Event: 16.788 Thread 0x00000293e2853800 Exception <a 'java/lang/ClassNotFoundException'{0x0000000089175780}: java/lang/ObjectCustomizer> (0x0000000089175780) thrown at [./src/hotspot/share/classfile/systemDictionary.cpp, line 232]
Event: 16.790 Thread 0x00000293e2853800 Exception <a 'java/lang/ClassNotFoundException'{0x00000000891892c0}: org/springframework/web/servlet/config/annotation/WebMvcConfigurationSupportCustomizer> (0x00000000891892c0) thrown at [./src/hotspot/share/classfile/systemDictionary.cpp, line 232]
Event: 16.792 Thread 0x00000293e2853800 Exception <a 'java/lang/ClassNotFoundException'{0x00000000891a90f0}: org/springframework/web/servlet/config/annotation/DelegatingWebMvcConfigurationCustomizer> (0x00000000891a90f0) thrown at [./src/hotspot/share/classfile/systemDictionary.cpp, line 232]
Event: 16.793 Thread 0x00000293e2853800 Exception <a 'java/lang/ClassNotFoundException'{0x00000000891c06c0}: org/springframework/boot/autoconfigure/web/servlet/WebMvcAutoConfiguration$EnableWebMvcConfigurationCustomizer> (0x00000000891c06c0) thrown at [./src/hotspot/share/classfile/systemDictionary.cpp, line 232]
Event: 16.794 Thread 0x00000293e2853800 Exception <a 'java/lang/ClassNotFoundException'{0x00000000891dcc48}: org/springframework/context/ResourceLoaderAwareCustomizer> (0x00000000891dcc48) thrown at [./src/hotspot/share/classfile/systemDictionary.cpp, line 232]
Event: 16.795 Thread 0x00000293e2853800 Exception <a 'java/lang/ClassNotFoundException'{0x00000000891e9c98}: org/springframework/beans/factory/AwareCustomizer> (0x00000000891e9c98) thrown at [./src/hotspot/share/classfile/systemDictionary.cpp, line 232]
Event: 16.796 Thread 0x00000293e2853800 Exception <a 'java/lang/ClassNotFoundException'{0x00000000891f7740}: org/springframework/context/ApplicationContextAwareCustomizer> (0x00000000891f7740) thrown at [./src/hotspot/share/classfile/systemDictionary.cpp, line 232]
Event: 16.797 Thread 0x00000293e2853800 Exception <a 'java/lang/ClassNotFoundException'{0x0000000089005668}: org/springframework/beans/factory/AwareCustomizer> (0x0000000089005668) thrown at [./src/hotspot/share/classfile/systemDictionary.cpp, line 232]
Event: 16.797 Thread 0x00000293e2853800 Exception <a 'java/lang/ClassNotFoundException'{0x00000000890130e8}: org/springframework/web/context/ServletContextAwareCustomizer> (0x00000000890130e8) thrown at [./src/hotspot/share/classfile/systemDictionary.cpp, line 232]
Event: 16.798 Thread 0x00000293e2853800 Exception <a 'java/lang/ClassNotFoundException'{0x00000000890205a0}: org/springframework/beans/factory/AwareCustomizer> (0x00000000890205a0) thrown at [./src/hotspot/share/classfile/systemDictionary.cpp, line 232]
Event: 17.097 Thread 0x00000293e2853800 Exception <a 'java/lang/NoSuchMethodError'{0x00000000888ff630}: 'void java.lang.invoke.DirectMethodHandle$Holder.invokeVirtual(java.lang.Object, java.lang.Object, int)'> (0x00000000888ff630) thrown at [./src/hotspot/share/interpreter/linkResolver.cpp, line 779]
Event: 17.100 Thread 0x00000293e2853800 Exception <a 'java/lang/NoSuchMethodError'{0x0000000088719978}: 'void java.lang.invoke.DirectMethodHandle$Holder.invokeVirtual(java.lang.Object, java.lang.Object, long)'> (0x0000000088719978) thrown at [./src/hotspot/share/interpreter/linkResolver.cpp, line 779]

Events (20 events):
Event: 17.309 loading class org/springframework/web/servlet/resource/ResourceUrlProviderExposingInterceptor
Event: 17.309 loading class org/springframework/web/servlet/resource/ResourceUrlProviderExposingInterceptor done
Event: 17.310 loading class org/springframework/web/servlet/resource/ResourceUrlEncodingFilter$LookupPathIndexException
Event: 17.310 loading class org/springframework/web/servlet/resource/ResourceUrlEncodingFilter$LookupPathIndexException done
Event: 17.310 loading class org/springframework/web/servlet/config/annotation/InterceptorRegistration
Event: 17.310 loading class org/springframework/web/servlet/config/annotation/InterceptorRegistration done
Event: 17.310 loading class org/springframework/web/servlet/config/annotation/InterceptorRegistration
Event: 17.310 loading class org/springframework/web/servlet/config/annotation/InterceptorRegistration done
Event: 17.311 loading class org/springframework/web/servlet/handler/RequestMatchResult
Event: 17.311 loading class org/springframework/web/servlet/handler/RequestMatchResult done
Event: 17.311 loading class org/springframework/web/servlet/mvc/method/RequestMappingInfo
Event: 17.311 loading class org/springframework/web/servlet/mvc/method/RequestMappingInfo done
Event: 17.312 loading class org/springframework/web/servlet/mvc/condition/RequestCondition
Event: 17.312 loading class org/springframework/web/servlet/mvc/condition/RequestCondition done
Event: 17.312 loading class org/springframework/web/bind/annotation/CrossOrigin
Event: 17.312 loading class org/springframework/web/bind/annotation/CrossOrigin done
Event: 17.313 loading class org/springframework/web/util/pattern/PathPattern
Event: 17.313 loading class org/springframework/web/util/pattern/PathPattern done
Event: 17.314 loading class org/springframework/http/server/PathContainer
Event: 17.314 loading class org/springframework/http/server/PathContainer done


Dynamic libraries:
0x00007ff646830000 - 0x00007ff64683a000 	C:\Program Files\JetBrains\IntelliJ IDEA Community Edition 2021.1.1\jbr\bin\java.exe
0x00007ffc42cf0000 - 0x00007ffc42ee5000 	C:\WINDOWS\SYSTEM32\ntdll.dll
0x00007ffc41030000 - 0x00007ffc410ed000 	C:\WINDOWS\System32\KERNEL32.DLL
0x00007ffc40590000 - 0x00007ffc40858000 	C:\WINDOWS\System32\KERNELBASE.dll
0x00007ffc40860000 - 0x00007ffc40960000 	C:\WINDOWS\System32\ucrtbase.dll
0x00007ffc2bd60000 - 0x00007ffc2bd77000 	C:\Program Files\JetBrains\IntelliJ IDEA Community Edition 2021.1.1\jbr\bin\VCRUNTIME140.dll
0x00007ffc351b0000 - 0x00007ffc351c9000 	C:\Program Files\JetBrains\IntelliJ IDEA Community Edition 2021.1.1\jbr\bin\jli.dll
0x00007ffc42730000 - 0x00007ffc428d0000 	C:\WINDOWS\System32\USER32.dll
0x00007ffc40960000 - 0x00007ffc40982000 	C:\WINDOWS\System32\win32u.dll
0x00007ffc41fa0000 - 0x00007ffc41fca000 	C:\WINDOWS\System32\GDI32.dll
0x00007ffc40480000 - 0x00007ffc4058b000 	C:\WINDOWS\System32\gdi32full.dll
0x00007ffc40b00000 - 0x00007ffc40b9d000 	C:\WINDOWS\System32\msvcp_win.dll
0x00007ffc284c0000 - 0x00007ffc2875a000 	C:\WINDOWS\WinSxS\amd64_microsoft.windows.common-controls_6595b64144ccf1df_6.0.19041.1052_none_60b8f8fd71f5e8cb\COMCTL32.dll
0x00007ffc410f0000 - 0x00007ffc4118e000 	C:\WINDOWS\System32\msvcrt.dll
0x00007ffc428d0000 - 0x00007ffc42900000 	C:\WINDOWS\System32\IMM32.DLL
0x00007ffc2bcc0000 - 0x00007ffc2bd5d000 	C:\Program Files\JetBrains\IntelliJ IDEA Community Edition 2021.1.1\jbr\bin\msvcp140.dll
0x00007ffc0c3b0000 - 0x00007ffc0cf03000 	C:\Program Files\JetBrains\IntelliJ IDEA Community Edition 2021.1.1\jbr\bin\server\jvm.dll
0x00007ffc40dc0000 - 0x00007ffc40e6c000 	C:\WINDOWS\System32\ADVAPI32.dll
0x00007ffc42b80000 - 0x00007ffc42c1b000 	C:\WINDOWS\System32\sechost.dll
0x00007ffc41680000 - 0x00007ffc417ab000 	C:\WINDOWS\System32\RPCRT4.dll
0x00007ffc412a0000 - 0x00007ffc412a8000 	C:\WINDOWS\System32\PSAPI.DLL
0x00007ffc3a900000 - 0x00007ffc3a909000 	C:\WINDOWS\SYSTEM32\WSOCK32.dll
0x00007ffc412b0000 - 0x00007ffc4131b000 	C:\WINDOWS\System32\WS2_32.dll
0x00007ffc35a70000 - 0x00007ffc35a97000 	C:\WINDOWS\SYSTEM32\WINMM.dll
0x00007ffc2d6a0000 - 0x00007ffc2d6aa000 	C:\WINDOWS\SYSTEM32\VERSION.dll
0x00007ffc3efe0000 - 0x00007ffc3eff2000 	C:\WINDOWS\SYSTEM32\kernel.appcore.dll
0x00007ffc1dcf0000 - 0x00007ffc1dd01000 	C:\Program Files\JetBrains\IntelliJ IDEA Community Edition 2021.1.1\jbr\bin\verify.dll
0x00007ffc3e130000 - 0x00007ffc3e314000 	C:\WINDOWS\SYSTEM32\DBGHELP.DLL
0x00007ffc2a790000 - 0x00007ffc2a7bc000 	C:\WINDOWS\SYSTEM32\dbgcore.DLL
0x00007ffc40a40000 - 0x00007ffc40ac3000 	C:\WINDOWS\System32\bcryptPrimitives.dll
0x00007ffc1d3d0000 - 0x00007ffc1d3f9000 	C:\Program Files\JetBrains\IntelliJ IDEA Community Edition 2021.1.1\jbr\bin\java.dll
0x00007ffc385f0000 - 0x00007ffc385fb000 	C:\Program Files\JetBrains\IntelliJ IDEA Community Edition 2021.1.1\jbr\bin\jimage.dll
0x00007ffc3bc30000 - 0x00007ffc3bc3f000 	C:\Program Files\JetBrains\IntelliJ IDEA Community Edition 2021.1.1\jbr\bin\instrument.dll
0x00007ffc1d3b0000 - 0x00007ffc1d3c8000 	C:\Program Files\JetBrains\IntelliJ IDEA Community Edition 2021.1.1\jbr\bin\zip.dll
0x00007ffc417b0000 - 0x00007ffc41eef000 	C:\WINDOWS\System32\SHELL32.dll
0x00007ffc3e490000 - 0x00007ffc3ec20000 	C:\WINDOWS\SYSTEM32\windows.storage.dll
0x00007ffc41320000 - 0x00007ffc41675000 	C:\WINDOWS\System32\combase.dll
0x00007ffc3fea0000 - 0x00007ffc3fecc000 	C:\WINDOWS\SYSTEM32\Wldp.dll
0x00007ffc41190000 - 0x00007ffc4123e000 	C:\WINDOWS\System32\SHCORE.dll
0x00007ffc40e90000 - 0x00007ffc40ee5000 	C:\WINDOWS\System32\shlwapi.dll
0x00007ffc40370000 - 0x00007ffc4038f000 	C:\WINDOWS\SYSTEM32\profapi.dll
0x00007ffc1d2d0000 - 0x00007ffc1d2ea000 	C:\Program Files\JetBrains\IntelliJ IDEA Community Edition 2021.1.1\jbr\bin\net.dll
0x00007ffc36b20000 - 0x00007ffc36c2b000 	C:\WINDOWS\SYSTEM32\WINHTTP.dll
0x00007ffc3fb40000 - 0x00007ffc3fbaa000 	C:\WINDOWS\system32\mswsock.dll
0x00007ffc1d2b0000 - 0x00007ffc1d2c4000 	C:\Program Files\JetBrains\IntelliJ IDEA Community Edition 2021.1.1\jbr\bin\nio.dll
0x00007ffc2bbf0000 - 0x00007ffc2bc0a000 	C:\Program Files\JetBrains\IntelliJ IDEA Community Edition 2021.1.1\bin\breakgen64.dll
0x00007ffc1d270000 - 0x00007ffc1d27a000 	C:\Program Files\JetBrains\IntelliJ IDEA Community Edition 2021.1.1\jbr\bin\management.dll
0x00007ffc1d260000 - 0x00007ffc1d26d000 	C:\Program Files\JetBrains\IntelliJ IDEA Community Edition 2021.1.1\jbr\bin\management_ext.dll
0x00007ffc1cd10000 - 0x00007ffc1cd27000 	C:\WINDOWS\system32\napinsp.dll
0x00007ffc1cd30000 - 0x00007ffc1cd4b000 	C:\WINDOWS\system32\pnrpnsp.dll
0x00007ffc3a2f0000 - 0x00007ffc3a305000 	C:\WINDOWS\system32\wshbth.dll
0x00007ffc3a8d0000 - 0x00007ffc3a8ed000 	C:\WINDOWS\system32\NLAapi.dll
0x00007ffc3f830000 - 0x00007ffc3f86b000 	C:\WINDOWS\SYSTEM32\IPHLPAPI.DLL
0x00007ffc3f870000 - 0x00007ffc3f93c000 	C:\WINDOWS\SYSTEM32\DNSAPI.dll
0x00007ffc40ef0000 - 0x00007ffc40ef8000 	C:\WINDOWS\System32\NSI.dll
0x00007ffc1cd50000 - 0x00007ffc1cd62000 	C:\WINDOWS\System32\winrnr.dll
0x00007ffc38590000 - 0x00007ffc3859a000 	C:\Windows\System32\rasadhlp.dll
0x00007ffc369b0000 - 0x00007ffc36a2f000 	C:\WINDOWS\System32\fwpuclnt.dll
0x00007ffc40ad0000 - 0x00007ffc40af7000 	C:\WINDOWS\System32\bcrypt.dll
0x00007ffc3fda0000 - 0x00007ffc3fdb8000 	C:\WINDOWS\SYSTEM32\CRYPTSP.dll
0x00007ffc3f4e0000 - 0x00007ffc3f514000 	C:\WINDOWS\system32\rsaenh.dll
0x00007ffc40330000 - 0x00007ffc4035e000 	C:\WINDOWS\SYSTEM32\USERENV.dll
0x00007ffc3fd70000 - 0x00007ffc3fd7c000 	C:\WINDOWS\SYSTEM32\CRYPTBASE.dll
0x00007ffc38650000 - 0x00007ffc38667000 	C:\WINDOWS\SYSTEM32\dhcpcsvc6.DLL
0x00007ffc385a0000 - 0x00007ffc385bd000 	C:\WINDOWS\SYSTEM32\dhcpcsvc.DLL

dbghelp: loaded successfully - version: 4.0.5 - missing functions: none
symbol engine: initialized successfully - sym options: 0x614 - pdb path: .;C:\Program Files\JetBrains\IntelliJ IDEA Community Edition 2021.1.1\jbr\bin;C:\WINDOWS\SYSTEM32;C:\WINDOWS\WinSxS\amd64_microsoft.windows.common-controls_6595b64144ccf1df_6.0.19041.1052_none_60b8f8fd71f5e8cb;C:\Program Files\JetBrains\IntelliJ IDEA Community Edition 2021.1.1\jbr\bin\server;C:\Program Files\JetBrains\IntelliJ IDEA Community Edition 2021.1.1\bin

VM Arguments:
jvm_args: -javaagent:C:\Program Files\JetBrains\IntelliJ IDEA Community Edition 2021.1.1\lib\idea_rt.jar=49262:C:\Program Files\JetBrains\IntelliJ IDEA Community Edition 2021.1.1\bin -Dfile.encoding=UTF-8 
java_command: one.digitalinnovation.personapi.PersonapiApplication
java_class_path (initial): C:\javaAlura\personapi\target\classes;C:\Users\JOAO\.m2\repository\org\springframework\boot\spring-boot-starter-actuator\2.5.2\spring-boot-starter-actuator-2.5.2.jar;C:\Users\JOAO\.m2\repository\org\springframework\boot\spring-boot-starter\2.5.2\spring-boot-starter-2.5.2.jar;C:\Users\JOAO\.m2\repository\org\springframework\boot\spring-boot-starter-logging\2.5.2\spring-boot-starter-logging-2.5.2.jar;C:\Users\JOAO\.m2\repository\ch\qos\logback\logback-classic\1.2.3\logback-classic-1.2.3.jar;C:\Users\JOAO\.m2\repository\ch\qos\logback\logback-core\1.2.3\logback-core-1.2.3.jar;C:\Users\JOAO\.m2\repository\org\apache\logging\log4j\log4j-to-slf4j\2.14.1\log4j-to-slf4j-2.14.1.jar;C:\Users\JOAO\.m2\repository\org\apache\logging\log4j\log4j-api\2.14.1\log4j-api-2.14.1.jar;C:\Users\JOAO\.m2\repository\org\slf4j\jul-to-slf4j\1.7.31\jul-to-slf4j-1.7.31.jar;C:\Users\JOAO\.m2\repository\jakarta\annotation\jakarta.annotation-api\1.3.5\jakarta.annotation-api-1.3.5.jar;C:\Users\JOAO\.m2\repository\org\yaml\snakeyaml\1.28\snakeyaml-1.28.jar;C:\Users\JOAO\.m2\repository\org\springframework\boot\spring-boot-actuator-autoconfigure\2.5.2\spring-boot-actuator-autoconfigure-2.5.2.jar;C:\Users\JOAO\.m2\repository\org\springframework\boot\spring-boot-actuator\2.5.2\spring-boot-actuator-2.5.2.jar;C:\Users\JOAO\.m2\repository\com\fasterxml\jackson\core\jackson-databind\2.12.3\jackson-databind-2.12.3.jar;C:\Users\JOAO\.m2\repository\com\fasterxml\jackson\core\jackson-annotations\2.12.3\jackson-annotations-2.12.3.jar;C:\Users\JOAO\.m2\repository\com\fasterxml\jackson\core\jackson-core\2.12.3\jackson-core-2.12.3.jar;C:\Users\JOAO\.m2\repository\com\fasterxml\jackson\datatype\jackson-datatype-jsr310\2.12.3\jackson-datatype-jsr310-2.12.3.jar;C:\Users\JOAO\.m2\repository\io\micrometer\micrometer-core\1.7.1\micrometer-core-1.7.1.jar;C:\Users\JOAO\.m2\repository\org\hdrhistogram\HdrHistogram\2.1.12\HdrHistogram-2.1.12.jar;C:\Users\JOAO\.m2\repository\org\latencyutils\Laten
Launcher Type: SUN_STANDARD

[Global flags]
     intx CICompilerCount                          = 3                                         {product} {ergonomic}
     uint ConcGCThreads                            = 1                                         {product} {ergonomic}
     uint G1ConcRefinementThreads                  = 4                                         {product} {ergonomic}
   size_t G1HeapRegionSize                         = 1048576                                   {product} {ergonomic}
    uintx GCDrainStackTargetSize                   = 64                                        {product} {ergonomic}
   size_t InitialHeapSize                          = 134217728                                 {product} {ergonomic}
   size_t MarkStackSize                            = 4194304                                   {product} {ergonomic}
   size_t MaxHeapSize                              = 2116026368                                {product} {ergonomic}
   size_t MaxNewSize                               = 1268776960                                {product} {ergonomic}
   size_t MinHeapDeltaBytes                        = 1048576                                   {product} {ergonomic}
    uintx NonNMethodCodeHeapSize                   = 5830732                                {pd product} {ergonomic}
    uintx NonProfiledCodeHeapSize                  = 122913754                              {pd product} {ergonomic}
    uintx ProfiledCodeHeapSize                     = 122913754                              {pd product} {ergonomic}
    uintx ReservedCodeCacheSize                    = 251658240                              {pd product} {ergonomic}
     bool SegmentedCodeCache                       = true                                      {product} {ergonomic}
     bool UseCompressedClassPointers               = true                                 {lp64_product} {ergonomic}
     bool UseCompressedOops                        = true                                 {lp64_product} {ergonomic}
     bool UseG1GC                                  = true                                      {product} {ergonomic}
     bool UseLargePagesIndividualAllocation        = false                                  {pd product} {ergonomic}

Logging:
Log output configuration:
 #0: stdout all=warning uptime,level,tags
 #1: stderr all=off uptime,level,tags

Environment Variables:
JAVA_HOME=C:\Program Files\Java\jdk-15.0.1
PATH=C:\Program Files (x86)\Common Files\Oracle\Java\javapath;C:\Program Files\Common Files\Oracle\Java\javapath;C:\ProgramData\Oracle\Java\javapath;C:\Windows\system32;C:\Windows;C:\Windows\System32\Wbem;C:\Windows\System32\WindowsPowerShell\v1.0\;C:\Program Files (x86)\NVIDIA Corporation\PhysX\Common;C:\WINDOWS\system32;C:\WINDOWS;C:\WINDOWS\System32\Wbem;C:\WINDOWS\System32\WindowsPowerShell\v1.0\;C:\WINDOWS\System32\OpenSSH\;C:\Program Files (x86)\Windows Kits\10\Windows Performance Toolkit\;C:\Program Files\Java\jdk-15.0.1\bin;C:\Program Files\Git\cmd;C:\javaAlura\apache-maven-3.6.3\bin;C:\Program Files\nodejs\;C:\ProgramData\UNIVALI\Portugol Studio;C:\javaAlura\Bootcamp everis\gradle-7.0.1;C:\Program Files\MySQL\MySQL Shell 8.0\bin\;C:\Users\JOAO\AppData\Local\Microsoft\WindowsApps;C:\Users\JOAO\Desktop\javaAlura\apache-maven-3.6.3\bin;C:\Users\JOAO\AppData\Roaming\npm;C:\Users\JOAO\AppData\Local\Programs\Microsoft VS Code\bin;C:\Program Files\Docker Toolbox;C:\Program Files (x86)\GnuWin32\bin;
USERNAME=JOAO
OS=Windows_NT
PROCESSOR_IDENTIFIER=Intel64 Family 6 Model 142 Stepping 9, GenuineIntel



---------------  S Y S T E M  ---------------

OS: Windows 10 , 64 bit Build 19041 (10.0.19041.1023)
OS uptime: 1 days 4:07 hours

CPU:total 4 (initial active 4) (2 cores per cpu, 2 threads per core) family 6 model 142 stepping 9 microcode 0xde, cmov, cx8, fxsr, mmx, sse, sse2, sse3, ssse3, sse4.1, sse4.2, popcnt, avx, avx2, aes, clmul, erms, 3dnowpref, lzcnt, ht, tsc, tscinvbit, bmi1, bmi2, adx, fma

Memory: 4k page, system-wide physical 8066M (648M free)
TotalPageFile size 8066M (AvailPageFile size 27M)
current process WorkingSet (physical memory assigned to process): 271M, peak: 274M
current process commit charge ("private bytes"): 333M, peak: 336M

vm_info: Dynamic Code Evolution 64-Bit Server VM (11.0.11+9-b1341.57) for windows-amd64 JRE (11.0.11+9-b1341.57), built on May 17 2021 14:09:08 by "" with MS VC++ 14.0 (VS2015)

END.
